INFO:  latexindent version 3.15, 2022-01-21, a script to indent .tex files
       latexindent lives here: /usr/share/texlive/texmf-dist/scripts/latexindent/
       Sat Jan 21 17:56:10 2023
       Filename: /home/andresvafo/Fisica_computacional/propagacion-de-enfermedades-project/prop-enfermedades-article/main.Tex
INFO:  Processing switches:
INFO:  Directory for backup files and indent.log: /home/andresvafo/Fisica_computacional/propagacion-de-enfermedades-project/prop-enfermedades-article
INFO:  YAML settings read: defaultSettings.yaml
       Reading defaultSettings.yaml from /usr/share/texlive/texmf-dist/scripts/latexindent/defaultSettings.yaml
INFO:  YAML settings read: indentconfig.yaml or .indentconfig.yaml
       Home directory is /home/andresvafo (didn't find either indentconfig.yaml or .indentconfig.yaml)
       To specify user settings you would put indentconfig.yaml here: /home/andresvafo/indentconfig.yaml
       Alternatively, you can use the hidden file .indentconfig.yaml as: /home/andresvafo/.indentconfig.yaml
INFO:  Phase 1: searching for objects
INFO:  Phase 2: finding surrounding indentation
INFO:  Phase 3: indenting objects
INFO:  Phase 4: final indentation check
INFO:  Output routine:
       Not outputting to file; see -w and -o switches for more options.
       --------------
INFO:  Please direct all communication/issues to:
        https://github.com/cmhughes/latexindent.pl
